TN:
SF:commitlint.config.js
FNF:0
FNH:0
LF:0
LH:0
BRF:0
BRH:0
end_of_record
TN:
SF:dragon.js
FN:10,(anonymous_0)
FN:13,(anonymous_1)
FN:24,(anonymous_2)
FN:28,(anonymous_3)
FN:37,(anonymous_4)
FNF:5
FNH:0
FNDA:0,(anonymous_0)
FNDA:0,(anonymous_1)
FNDA:0,(anonymous_2)
FNDA:0,(anonymous_3)
FNDA:0,(anonymous_4)
DA:1,0
DA:2,0
DA:3,0
DA:5,0
DA:10,0
DA:13,0
DA:14,0
DA:15,0
DA:16,0
DA:18,0
DA:20,0
DA:24,0
DA:28,0
DA:29,0
DA:35,0
DA:37,0
DA:38,0
LF:17
LH:0
BRDA:21,0,0,0
BRDA:21,0,1,0
BRF:2
BRH:0
end_of_record
TN:
SF:jest.config.js
FNF:0
FNH:0
DA:1,0
LF:1
LH:0
BRF:0
BRH:0
end_of_record
TN:
SF:prettier.config.js
FNF:0
FNH:0
DA:1,0
LF:1
LH:0
BRF:0
BRH:0
end_of_record
TN:
SF:sum.js
FN:2,(anonymous_0)
FNF:1
FNH:1
FNDA:1,(anonymous_0)
DA:2,1
DA:3,1
LF:2
LH:2
BRF:0
BRH:0
end_of_record
TN:
SF:core/config.js
FNF:0
FNH:0
DA:1,0
DA:4,0
DA:10,0
DA:20,0
DA:22,0
LF:5
LH:0
BRF:0
BRH:0
end_of_record
TN:
SF:core/dragonmailer.js
FNF:0
FNH:0
DA:1,0
DA:2,0
DA:5,0
DA:15,0
LF:4
LH:0
BRF:0
BRH:0
end_of_record
TN:
SF:coverage/lcov-report/block-navigation.js
FN:2,init
FN:24,toggleClass
FN:29,makeCurrent
FN:39,goToPrevious
FN:50,goToNext
FN:63,jump
FNF:6
FNH:0
FNDA:0,init
FNDA:0,toggleClass
FNDA:0,makeCurrent
FNDA:0,goToPrevious
FNDA:0,goToNext
FNDA:0,jump
DA:2,0
DA:4,0
DA:7,0
DA:10,0
DA:14,0
DA:20,0
DA:25,0
DA:26,0
DA:30,0
DA:31,0
DA:32,0
DA:40,0
DA:41,0
DA:42,0
DA:43,0
DA:44,0
DA:47,0
DA:51,0
DA:53,0
DA:57,0
DA:60,0
DA:63,0
DA:64,0
DA:69,0
DA:72,0
DA:75,0
DA:76,0
DA:80,0
DA:81,0
DA:85,0
LF:30
LH:0
BRDA:41,0,0,0
BRDA:41,0,1,0
BRDA:41,1,0,0
BRDA:41,1,1,0
BRDA:43,2,0,0
BRDA:43,2,1,0
BRDA:53,3,0,0
BRDA:53,3,1,0
BRDA:54,4,0,0
BRDA:54,4,1,0
BRDA:64,5,0,0
BRDA:64,5,1,0
BRDA:65,6,0,0
BRDA:65,6,1,0
BRDA:72,7,0,0
BRDA:72,7,1,0
BRDA:72,7,2,0
BRDA:72,7,3,0
BRDA:72,7,4,0
BRF:19
BRH:0
end_of_record
TN:
SF:coverage/lcov-report/prettify.js
FN:3,(anonymous_0)
FN:60,k
FN:81,ab
FN:102,T
FN:112,X
FN:148,(anonymous_5)
FN:179,W
FN:235,(anonymous_7)
FN:255,a
FN:272,aa
FN:308,B
FN:317,o
FN:325,g
FN:328,(anonymous_13)
FN:351,(anonymous_14)
FN:414,i
FN:509,Q
FN:529,ae
FN:568,ad
FN:575,ai
FN:614,D
FN:684,c
FN:696,q
FN:808,d
FN:824,y
FN:834,b
FN:835,Y
FN:849,(anonymous_27)
FN:858,U
FNF:29
FNH:0
FNDA:0,(anonymous_0)
FNDA:0,k
FNDA:0,ab
FNDA:0,T
FNDA:0,X
FNDA:0,(anonymous_5)
FNDA:0,W
FNDA:0,(anonymous_7)
FNDA:0,a
FNDA:0,aa
FNDA:0,B
FNDA:0,o
FNDA:0,g
FNDA:0,(anonymous_13)
FNDA:0,(anonymous_14)
FNDA:0,i
FNDA:0,Q
FNDA:0,ae
FNDA:0,ad
FNDA:0,ai
FNDA:0,D
FNDA:0,c
FNDA:0,q
FNDA:0,d
FNDA:0,y
FNDA:0,b
FNDA:0,Y
FNDA:0,(anonymous_27)
FNDA:0,U
DA:2,0
DA:3,0
DA:4,0
DA:5,0
DA:9,0
DA:13,0
DA:17,0
DA:21,0
DA:26,0
DA:27,0
DA:32,0
DA:33,0
DA:37,0
DA:41,0
DA:42,0
DA:44,0
DA:45,0
DA:46,0
DA:47,0
DA:48,0
DA:49,0
DA:50,0
DA:51,0
DA:52,0
DA:53,0
DA:54,0
DA:55,0
DA:56,0
DA:57,0
DA:59,0
DA:61,0
DA:62,0
DA:63,0
DA:64,0
DA:65,0
DA:66,0
DA:67,0
DA:69,0
DA:74,0
DA:75,0
DA:76,0
DA:80,0
DA:82,0
DA:83,0
DA:84,0
DA:86,0
DA:87,0
DA:88,0
DA:89,0
DA:91,0
DA:92,0
DA:94,0
DA:95,0
DA:97,0
DA:103,0
DA:104,0
DA:106,0
DA:107,0
DA:108,0
DA:110,0
DA:113,0
DA:121,0
DA:122,0
DA:123,0
DA:124,0
DA:125,0
DA:126,0
DA:127,0
DA:129,0
DA:131,0
DA:132,0
DA:133,0
DA:135,0
DA:137,0
DA:138,0
DA:139,0
DA:140,0
DA:142,0
DA:143,0
DA:148,0
DA:149,0
DA:151,0
DA:152,0
DA:153,0
DA:154,0
DA:155,0
DA:156,0
DA:158,0
DA:161,0
DA:162,0
DA:163,0
DA:165,0
DA:166,0
DA:167,0
DA:168,0
DA:169,0
DA:170,0
DA:171,0
DA:173,0
DA:176,0
DA:177,0
DA:180,0
DA:186,0
DA:187,0
DA:188,0
DA:189,0
DA:190,0
DA:191,0
DA:193,0
DA:194,0
DA:195,0
DA:196,0
DA:201,0
DA:202,0
DA:203,0
DA:206,0
DA:207,0
DA:208,0
DA:209,0
DA:210,0
DA:211,0
DA:214,0
DA:215,0
DA:216,0
DA:217,0
DA:222,0
DA:223,0
DA:224,0
DA:227,0
DA:228,0
DA:229,0
DA:230,0
DA:231,0
DA:232,0
DA:234,0
DA:235,0
DA:236,0
DA:237,0
DA:243,0
DA:245,0
DA:246,0
DA:247,0
DA:248,0
DA:249,0
DA:251,0
DA:253,0
DA:256,0
DA:257,0
DA:258,0
DA:259,0
DA:260,0
DA:262,0
DA:263,0
DA:265,0
DA:266,0
DA:271,0
DA:273,0
DA:275,0
DA:276,0
DA:278,0
DA:279,0
DA:281,0
DA:282,0
DA:283,0
DA:284,0
DA:285,0
DA:287,0
DA:290,0
DA:291,0
DA:292,0
DA:293,0
DA:295,0
DA:297,0
DA:298,0
DA:299,0
DA:300,0
DA:302,0
DA:305,0
DA:306,0
DA:309,0
DA:310,0
DA:312,0
DA:313,0
DA:314,0
DA:316,0
DA:318,0
DA:319,0
DA:320,0
DA:321,0
DA:323,0
DA:326,0
DA:328,0
DA:329,0
DA:330,0
DA:331,0
DA:332,0
DA:333,0
DA:334,0
DA:335,0
DA:336,0
DA:337,0
DA:340,0
DA:341,0
DA:342,0
DA:343,0
DA:344,0
DA:347,0
DA:348,0
DA:350,0
DA:351,0
DA:352,0
DA:353,0
DA:354,0
DA:355,0
DA:356,0
DA:357,0
DA:358,0
DA:359,0
DA:360,0
DA:361,0
DA:363,0
DA:364,0
DA:366,0
DA:367,0
DA:368,0
DA:369,0
DA:371,0
DA:372,0
DA:373,0
DA:374,0
DA:375,0
DA:376,0
DA:379,0
DA:380,0
DA:383,0
DA:384,0
DA:385,0
DA:386,0
DA:388,0
DA:389,0
DA:392,0
DA:393,0
DA:394,0
DA:395,0
DA:397,0
DA:398,0
DA:399,0
DA:400,0
DA:401,0
DA:402,0
DA:404,0
DA:405,0
DA:406,0
DA:407,0
DA:410,0
DA:412,0
DA:415,0
DA:416,0
DA:417,0
DA:418,0
DA:425,0
DA:426,0
DA:433,0
DA:441,0
DA:442,0
DA:444,0
DA:445,0
DA:446,0
DA:447,0
DA:448,0
DA:450,0
DA:457,0
DA:463,0
DA:466,0
DA:467,0
DA:468,0
DA:470,0
DA:472,0
DA:473,0
DA:475,0
DA:476,0
DA:477,0
DA:479,0
DA:480,0
DA:481,0
DA:483,0
DA:484,0
DA:500,0
DA:502,0
DA:510,0
DA:511,0
DA:512,0
DA:514,0
DA:515,0
DA:517,0
DA:518,0
DA:523,0
DA:524,0
DA:525,0
DA:526,0
DA:528,0
DA:530,0
DA:532,0
DA:533,0
DA:535,0
DA:536,0
DA:537,0
DA:538,0
DA:541,0
DA:542,0
DA:545,0
DA:548,0
DA:549,0
DA:550,0
DA:551,0
DA:552,0
DA:553,0
DA:554,0
DA:555,0
DA:556,0
DA:557,0
DA:559,0
DA:560,0
DA:561,0
DA:565,0
DA:569,0
DA:570,0
DA:571,0
DA:572,0
DA:576,0
DA:577,0
DA:578,0
DA:579,0
DA:580,0
DA:581,0
DA:582,0
DA:583,0
DA:584,0
DA:587,0
DA:589,0
DA:590,0
DA:591,0
DA:593,0
DA:595,0
DA:596,0
DA:598,0
DA:599,0
DA:601,0
DA:602,0
DA:603,0
DA:604,0
DA:605,0
DA:606,0
DA:607,0
DA:608,0
DA:610,0
DA:612,0
DA:615,0
DA:616,0
DA:617,0
DA:618,0
DA:619,0
DA:620,0
DA:621,0
DA:622,0
DA:623,0
DA:624,0
DA:625,0
DA:626,0
DA:628,0
DA:629,0
DA:630,0
DA:631,0
DA:633,0
DA:636,0
DA:637,0
DA:638,0
DA:639,0
DA:640,0
DA:641,0
DA:642,0
DA:644,0
DA:645,0
DA:646,0
DA:648,0
DA:649,0
DA:650,0
DA:651,0
DA:652,0
DA:653,0
DA:654,0
DA:655,0
DA:656,0
DA:658,0
DA:659,0
DA:660,0
DA:662,0
DA:663,0
DA:664,0
DA:665,0
DA:666,0
DA:667,0
DA:668,0
DA:669,0
DA:670,0
DA:671,0
DA:674,0
DA:675,0
DA:676,0
DA:678,0
DA:679,0
DA:683,0
DA:685,0
DA:686,0
DA:687,0
DA:688,0
DA:690,0
DA:691,0
DA:697,0
DA:698,0
DA:700,0
DA:702,0
DA:703,0
DA:721,0
DA:742,0
DA:743,0
DA:751,0
DA:752,0
DA:762,0
DA:763,0
DA:768,0
DA:777,0
DA:786,0
DA:795,0
DA:796,0
DA:807,0
DA:809,0
DA:810,0
DA:811,0
DA:812,0
DA:813,0
DA:814,0
DA:815,0
DA:816,0
DA:817,0
DA:819,0
DA:820,0
DA:825,0
DA:826,0
DA:827,0
DA:828,0
DA:830,0
DA:831,0
DA:832,0
DA:836,0
DA:838,0
DA:839,0
DA:840,0
DA:841,0
DA:842,0
DA:845,0
DA:846,0
DA:847,0
DA:848,0
DA:850,0
DA:854,0
DA:856,0
DA:857,0
DA:859,0
DA:860,0
DA:861,0
DA:862,0
DA:863,0
DA:864,0
DA:866,0
DA:867,0
DA:869,0
DA:870,0
DA:872,0
DA:873,0
DA:874,0
DA:881,0
DA:882,0
DA:885,0
DA:886,0
DA:887,0
DA:888,0
DA:889,0
DA:891,0
DA:892,0
DA:896,0
DA:897,0
DA:899,0
DA:900,0
DA:904,0
DA:906,0
DA:907,0
DA:908,0
DA:927,0
DA:952,0
DA:989,0
DA:1001,0
LF:502
LH:0
BRDA:66,0,0,0
BRDA:66,0,1,0
BRDA:69,1,0,0
BRDA:69,1,1,0
BRDA:83,2,0,0
BRDA:83,2,1,0
BRDA:88,3,0,0
BRDA:88,3,1,0
BRDA:91,4,0,0
BRDA:91,4,1,0
BRDA:91,5,0,0
BRDA:91,5,1,0
BRDA:94,6,0,0
BRDA:94,6,1,0
BRDA:94,7,0,0
BRDA:94,7,1,0
BRDA:103,8,0,0
BRDA:103,8,1,0
BRDA:104,9,0,0
BRDA:104,9,1,0
BRDA:107,10,0,0
BRDA:107,10,1,0
BRDA:107,11,0,0
BRDA:107,11,1,0
BRDA:107,11,2,0
BRDA:107,11,3,0
BRDA:124,12,0,0
BRDA:124,12,1,0
BRDA:126,13,0,0
BRDA:126,13,1,0
BRDA:131,14,0,0
BRDA:131,14,1,0
BRDA:131,15,0,0
BRDA:131,15,1,0
BRDA:138,16,0,0
BRDA:138,16,1,0
BRDA:138,17,0,0
BRDA:138,17,1,0
BRDA:139,18,0,0
BRDA:139,18,1,0
BRDA:139,19,0,0
BRDA:139,19,1,0
BRDA:142,20,0,0
BRDA:142,20,1,0
BRDA:142,21,0,0
BRDA:142,21,1,0
BRDA:149,22,0,0
BRDA:149,22,1,0
BRDA:155,23,0,0
BRDA:155,23,1,0
BRDA:162,24,0,0
BRDA:162,24,1,0
BRDA:169,25,0,0
BRDA:169,25,1,0
BRDA:170,26,0,0
BRDA:170,26,1,0
BRDA:190,27,0,0
BRDA:190,27,1,0
BRDA:193,28,0,0
BRDA:193,28,1,0
BRDA:195,29,0,0
BRDA:195,29,1,0
BRDA:195,30,0,0
BRDA:195,30,1,0
BRDA:202,31,0,0
BRDA:202,31,1,0
BRDA:208,32,0,0
BRDA:208,32,1,0
BRDA:210,33,0,0
BRDA:210,33,1,0
BRDA:214,34,0,0
BRDA:214,34,1,0
BRDA:216,35,0,0
BRDA:216,35,1,0
BRDA:216,36,0,0
BRDA:216,36,1,0
BRDA:223,37,0,0
BRDA:223,37,1,0
BRDA:223,38,0,0
BRDA:223,38,1,0
BRDA:227,39,0,0
BRDA:227,39,1,0
BRDA:227,40,0,0
BRDA:227,40,1,0
BRDA:231,41,0,0
BRDA:231,41,1,0
BRDA:231,42,0,0
BRDA:231,42,1,0
BRDA:234,43,0,0
BRDA:234,43,1,0
BRDA:248,44,0,0
BRDA:248,44,1,0
BRDA:248,45,0,0
BRDA:248,45,1,0
BRDA:253,46,0,0
BRDA:253,46,1,0
BRDA:262,47,0,0
BRDA:262,47,1,0
BRDA:265,48,0,0
BRDA:265,48,1,0
BRDA:271,49,0,0
BRDA:271,49,1,0
BRDA:273,50,0,0
BRDA:273,50,1,0
BRDA:273,50,2,0
BRDA:275,51,0,0
BRDA:275,51,1,0
BRDA:282,52,0,0
BRDA:282,52,1,0
BRDA:282,53,0,0
BRDA:282,53,1,0
BRDA:291,54,0,0
BRDA:291,54,1,0
BRDA:292,55,0,0
BRDA:292,55,1,0
BRDA:309,56,0,0
BRDA:309,56,1,0
BRDA:321,57,0,0
BRDA:321,57,1,0
BRDA:321,58,0,0
BRDA:321,58,1,0
BRDA:321,59,0,0
BRDA:321,59,1,0
BRDA:321,60,0,0
BRDA:321,60,1,0
BRDA:323,61,0,0
BRDA:323,61,1,0
BRDA:335,62,0,0
BRDA:335,62,1,0
BRDA:342,63,0,0
BRDA:342,63,1,0
BRDA:356,64,0,0
BRDA:356,64,1,0
BRDA:363,65,0,0
BRDA:363,65,1,0
BRDA:367,66,0,0
BRDA:367,66,1,0
BRDA:374,67,0,0
BRDA:374,67,1,0
BRDA:379,68,0,0
BRDA:379,68,1,0
BRDA:383,69,0,0
BRDA:383,69,1,0
BRDA:384,70,0,0
BRDA:384,70,1,0
BRDA:384,71,0,0
BRDA:384,71,1,0
BRDA:384,72,0,0
BRDA:384,72,1,0
BRDA:388,73,0,0
BRDA:388,73,1,0
BRDA:394,74,0,0
BRDA:394,74,1,0
BRDA:400,75,0,0
BRDA:400,75,1,0
BRDA:417,76,0,0
BRDA:417,76,1,0
BRDA:425,77,0,0
BRDA:425,77,1,0
BRDA:441,78,0,0
BRDA:441,78,1,0
BRDA:445,79,0,0
BRDA:445,79,1,0
BRDA:446,80,0,0
BRDA:446,80,1,0
BRDA:447,81,0,0
BRDA:447,81,1,0
BRDA:466,82,0,0
BRDA:466,82,1,0
BRDA:470,83,0,0
BRDA:470,83,1,0
BRDA:476,84,0,0
BRDA:476,84,1,0
BRDA:480,85,0,0
BRDA:480,85,1,0
BRDA:514,86,0,0
BRDA:514,86,1,0
BRDA:517,87,0,0
BRDA:517,87,1,0
BRDA:523,88,0,0
BRDA:523,88,1,0
BRDA:530,89,0,0
BRDA:530,89,1,0
BRDA:530,89,2,0
BRDA:532,90,0,0
BRDA:532,90,1,0
BRDA:535,91,0,0
BRDA:535,91,1,0
BRDA:537,92,0,0
BRDA:537,92,1,0
BRDA:548,93,0,0
BRDA:548,93,1,0
BRDA:551,94,0,0
BRDA:551,94,1,0
BRDA:555,95,0,0
BRDA:555,95,1,0
BRDA:560,96,0,0
BRDA:560,96,1,0
BRDA:571,97,0,0
BRDA:571,97,1,0
BRDA:576,98,0,0
BRDA:576,98,1,0
BRDA:578,99,0,0
BRDA:578,99,1,0
BRDA:590,100,0,0
BRDA:590,100,1,0
BRDA:598,101,0,0
BRDA:598,101,1,0
BRDA:603,102,0,0
BRDA:603,102,1,0
BRDA:607,103,0,0
BRDA:607,103,1,0
BRDA:629,104,0,0
BRDA:629,104,1,0
BRDA:641,105,0,0
BRDA:641,105,1,0
BRDA:652,106,0,0
BRDA:652,106,1,0
BRDA:654,107,0,0
BRDA:654,107,1,0
BRDA:658,108,0,0
BRDA:658,108,1,0
BRDA:658,109,0,0
BRDA:658,109,1,0
BRDA:659,110,0,0
BRDA:659,110,1,0
BRDA:669,111,0,0
BRDA:669,111,1,0
BRDA:675,112,0,0
BRDA:675,112,1,0
BRDA:678,113,0,0
BRDA:678,113,1,0
BRDA:687,114,0,0
BRDA:687,114,1,0
BRDA:690,115,0,0
BRDA:690,115,1,0
BRDA:697,116,0,0
BRDA:697,116,1,0
BRDA:697,117,0,0
BRDA:697,117,1,0
BRDA:698,118,0,0
BRDA:698,118,1,0
BRDA:819,119,0,0
BRDA:819,119,1,0
BRDA:820,120,0,0
BRDA:820,120,1,0
BRDA:820,121,0,0
BRDA:820,121,1,0
BRDA:827,122,0,0
BRDA:827,122,1,0
BRDA:847,123,0,0
BRDA:847,123,1,0
BRDA:859,124,0,0
BRDA:859,124,1,0
BRDA:860,125,0,0
BRDA:860,125,1,0
BRDA:863,126,0,0
BRDA:863,126,1,0
BRDA:866,127,0,0
BRDA:866,127,1,0
BRDA:866,128,0,0
BRDA:866,128,1,0
BRDA:866,128,2,0
BRDA:869,129,0,0
BRDA:869,129,1,0
BRDA:874,130,0,0
BRDA:874,130,1,0
BRDA:875,131,0,0
BRDA:875,131,1,0
BRDA:875,131,2,0
BRDA:875,131,3,0
BRDA:875,131,4,0
BRDA:885,132,0,0
BRDA:885,132,1,0
BRDA:887,133,0,0
BRDA:887,133,1,0
BRDA:887,134,0,0
BRDA:887,134,1,0
BRDA:887,135,0,0
BRDA:887,135,1,0
BRDA:888,136,0,0
BRDA:888,136,1,0
BRDA:896,137,0,0
BRDA:896,137,1,0
BRDA:899,138,0,0
BRDA:899,138,1,0
BRF:286
BRH:0
end_of_record
TN:
SF:coverage/lcov-report/sorter.js
FN:2,(anonymous_0)
FN:11,getTable
FN:15,getTableHeader
FN:19,getTableBody
FN:23,getNthColumn
FN:27,onFilterInput
FN:41,addSearchBox
FN:49,loadColumns
FN:73,loadRowData
FN:92,loadData
FN:101,sortByIndex
FN:103,(anonymous_11)
FN:115,(anonymous_12)
FN:132,removeSortIndicators
FN:140,addSortIndicators
FN:146,enableUI
FN:149,ithSorter
FN:152,(anonymous_17)
FN:179,(anonymous_18)
FNF:19
FNH:0
FNDA:0,(anonymous_0)
FNDA:0,getTable
FNDA:0,getTableHeader
FNDA:0,getTableBody
FNDA:0,getNthColumn
FNDA:0,onFilterInput
FNDA:0,addSearchBox
FNDA:0,loadColumns
FNDA:0,loadRowData
FNDA:0,loadData
FNDA:0,sortByIndex
FNDA:0,(anonymous_11)
FNDA:0,(anonymous_12)
FNDA:0,removeSortIndicators
FNDA:0,addSortIndicators
FNDA:0,enableUI
FNDA:0,ithSorter
FNDA:0,(anonymous_17)
FNDA:0,(anonymous_18)
DA:2,0
DA:5,0
DA:12,0
DA:16,0
DA:20,0
DA:24,0
DA:28,0
DA:29,0
DA:30,0
DA:31,0
DA:32,0
DA:33,0
DA:35,0
DA:42,0
DA:43,0
DA:44,0
DA:45,0
DA:50,0
DA:52,0
DA:56,0
DA:57,0
DA:58,0
DA:63,0
DA:64,0
DA:65,0
DA:66,0
DA:69,0
DA:74,0
DA:77,0
DA:80,0
DA:81,0
DA:82,0
DA:83,0
DA:84,0
DA:85,0
DA:87,0
DA:89,0
DA:93,0
DA:96,0
DA:97,0
DA:102,0
DA:103,0
DA:104,0
DA:105,0
DA:106,0
DA:108,0
DA:109,0
DA:110,0
DA:111,0
DA:114,0
DA:115,0
DA:116,0
DA:120,0
DA:121,0
DA:122,0
DA:125,0
DA:127,0
DA:128,0
DA:133,0
DA:134,0
DA:136,0
DA:137,0
DA:141,0
DA:149,0
DA:150,0
DA:152,0
DA:153,0
DA:155,0
DA:156,0
DA:158,0
DA:159,0
DA:160,0
DA:161,0
DA:162,0
DA:165,0
DA:166,0
DA:169,0
DA:170,0
DA:171,0
DA:173,0
DA:179,0
DA:180,0
DA:181,0
DA:183,0
DA:184,0
DA:185,0
DA:186,0
DA:187,0
DA:191,0
LF:89
LH:0
BRDA:32,0,0,0
BRDA:32,0,1,0
BRDA:61,1,0,0
BRDA:61,1,1,0
BRDA:64,2,0,0
BRDA:64,2,1,0
BRDA:84,3,0,0
BRDA:84,3,1,0
BRDA:106,4,0,0
BRDA:106,4,1,0
BRDA:106,5,0,0
BRDA:106,5,1,0
BRDA:114,6,0,0
BRDA:114,6,1,0
BRDA:141,7,0,0
BRDA:141,7,1,0
BRDA:155,8,0,0
BRDA:155,8,1,0
BRDA:166,9,0,0
BRDA:166,9,1,0
BRDA:170,10,0,0
BRDA:170,10,1,0
BRDA:180,11,0,0
BRDA:180,11,1,0
BRF:24
BRH:0
end_of_record
TN:
SF:output/test/lcov-report/block-navigation.js
FN:2,init
FN:24,toggleClass
FN:29,makeCurrent
FN:39,goToPrevious
FN:50,goToNext
FN:63,jump
FNF:6
FNH:0
FNDA:0,init
FNDA:0,toggleClass
FNDA:0,makeCurrent
FNDA:0,goToPrevious
FNDA:0,goToNext
FNDA:0,jump
DA:2,0
DA:4,0
DA:7,0
DA:10,0
DA:14,0
DA:20,0
DA:25,0
DA:26,0
DA:30,0
DA:31,0
DA:32,0
DA:40,0
DA:41,0
DA:42,0
DA:43,0
DA:44,0
DA:47,0
DA:51,0
DA:53,0
DA:57,0
DA:60,0
DA:63,0
DA:64,0
DA:69,0
DA:72,0
DA:75,0
DA:76,0
DA:80,0
DA:81,0
DA:85,0
LF:30
LH:0
BRDA:41,0,0,0
BRDA:41,0,1,0
BRDA:41,1,0,0
BRDA:41,1,1,0
BRDA:43,2,0,0
BRDA:43,2,1,0
BRDA:53,3,0,0
BRDA:53,3,1,0
BRDA:54,4,0,0
BRDA:54,4,1,0
BRDA:64,5,0,0
BRDA:64,5,1,0
BRDA:65,6,0,0
BRDA:65,6,1,0
BRDA:72,7,0,0
BRDA:72,7,1,0
BRDA:72,7,2,0
BRDA:72,7,3,0
BRDA:72,7,4,0
BRF:19
BRH:0
end_of_record
TN:
SF:output/test/lcov-report/prettify.js
FN:3,(anonymous_0)
FN:60,k
FN:81,ab
FN:102,T
FN:112,X
FN:148,(anonymous_5)
FN:179,W
FN:235,(anonymous_7)
FN:255,a
FN:272,aa
FN:308,B
FN:317,o
FN:325,g
FN:328,(anonymous_13)
FN:351,(anonymous_14)
FN:414,i
FN:509,Q
FN:529,ae
FN:568,ad
FN:575,ai
FN:614,D
FN:684,c
FN:696,q
FN:808,d
FN:824,y
FN:834,b
FN:835,Y
FN:849,(anonymous_27)
FN:858,U
FNF:29
FNH:0
FNDA:0,(anonymous_0)
FNDA:0,k
FNDA:0,ab
FNDA:0,T
FNDA:0,X
FNDA:0,(anonymous_5)
FNDA:0,W
FNDA:0,(anonymous_7)
FNDA:0,a
FNDA:0,aa
FNDA:0,B
FNDA:0,o
FNDA:0,g
FNDA:0,(anonymous_13)
FNDA:0,(anonymous_14)
FNDA:0,i
FNDA:0,Q
FNDA:0,ae
FNDA:0,ad
FNDA:0,ai
FNDA:0,D
FNDA:0,c
FNDA:0,q
FNDA:0,d
FNDA:0,y
FNDA:0,b
FNDA:0,Y
FNDA:0,(anonymous_27)
FNDA:0,U
DA:2,0
DA:3,0
DA:4,0
DA:5,0
DA:9,0
DA:13,0
DA:17,0
DA:21,0
DA:26,0
DA:27,0
DA:32,0
DA:33,0
DA:37,0
DA:41,0
DA:42,0
DA:44,0
DA:45,0
DA:46,0
DA:47,0
DA:48,0
DA:49,0
DA:50,0
DA:51,0
DA:52,0
DA:53,0
DA:54,0
DA:55,0
DA:56,0
DA:57,0
DA:59,0
DA:61,0
DA:62,0
DA:63,0
DA:64,0
DA:65,0
DA:66,0
DA:67,0
DA:69,0
DA:74,0
DA:75,0
DA:76,0
DA:80,0
DA:82,0
DA:83,0
DA:84,0
DA:86,0
DA:87,0
DA:88,0
DA:89,0
DA:91,0
DA:92,0
DA:94,0
DA:95,0
DA:97,0
DA:103,0
DA:104,0
DA:106,0
DA:107,0
DA:108,0
DA:110,0
DA:113,0
DA:121,0
DA:122,0
DA:123,0
DA:124,0
DA:125,0
DA:126,0
DA:127,0
DA:129,0
DA:131,0
DA:132,0
DA:133,0
DA:135,0
DA:137,0
DA:138,0
DA:139,0
DA:140,0
DA:142,0
DA:143,0
DA:148,0
DA:149,0
DA:151,0
DA:152,0
DA:153,0
DA:154,0
DA:155,0
DA:156,0
DA:158,0
DA:161,0
DA:162,0
DA:163,0
DA:165,0
DA:166,0
DA:167,0
DA:168,0
DA:169,0
DA:170,0
DA:171,0
DA:173,0
DA:176,0
DA:177,0
DA:180,0
DA:186,0
DA:187,0
DA:188,0
DA:189,0
DA:190,0
DA:191,0
DA:193,0
DA:194,0
DA:195,0
DA:196,0
DA:201,0
DA:202,0
DA:203,0
DA:206,0
DA:207,0
DA:208,0
DA:209,0
DA:210,0
DA:211,0
DA:214,0
DA:215,0
DA:216,0
DA:217,0
DA:222,0
DA:223,0
DA:224,0
DA:227,0
DA:228,0
DA:229,0
DA:230,0
DA:231,0
DA:232,0
DA:234,0
DA:235,0
DA:236,0
DA:237,0
DA:243,0
DA:245,0
DA:246,0
DA:247,0
DA:248,0
DA:249,0
DA:251,0
DA:253,0
DA:256,0
DA:257,0
DA:258,0
DA:259,0
DA:260,0
DA:262,0
DA:263,0
DA:265,0
DA:266,0
DA:271,0
DA:273,0
DA:275,0
DA:276,0
DA:278,0
DA:279,0
DA:281,0
DA:282,0
DA:283,0
DA:284,0
DA:285,0
DA:287,0
DA:290,0
DA:291,0
DA:292,0
DA:293,0
DA:295,0
DA:297,0
DA:298,0
DA:299,0
DA:300,0
DA:302,0
DA:305,0
DA:306,0
DA:309,0
DA:310,0
DA:312,0
DA:313,0
DA:314,0
DA:316,0
DA:318,0
DA:319,0
DA:320,0
DA:321,0
DA:323,0
DA:326,0
DA:328,0
DA:329,0
DA:330,0
DA:331,0
DA:332,0
DA:333,0
DA:334,0
DA:335,0
DA:336,0
DA:337,0
DA:340,0
DA:341,0
DA:342,0
DA:343,0
DA:344,0
DA:347,0
DA:348,0
DA:350,0
DA:351,0
DA:352,0
DA:353,0
DA:354,0
DA:355,0
DA:356,0
DA:357,0
DA:358,0
DA:359,0
DA:360,0
DA:361,0
DA:363,0
DA:364,0
DA:366,0
DA:367,0
DA:368,0
DA:369,0
DA:371,0
DA:372,0
DA:373,0
DA:374,0
DA:375,0
DA:376,0
DA:379,0
DA:380,0
DA:383,0
DA:384,0
DA:385,0
DA:386,0
DA:388,0
DA:389,0
DA:392,0
DA:393,0
DA:394,0
DA:395,0
DA:397,0
DA:398,0
DA:399,0
DA:400,0
DA:401,0
DA:402,0
DA:404,0
DA:405,0
DA:406,0
DA:407,0
DA:410,0
DA:412,0
DA:415,0
DA:416,0
DA:417,0
DA:418,0
DA:425,0
DA:426,0
DA:433,0
DA:441,0
DA:442,0
DA:444,0
DA:445,0
DA:446,0
DA:447,0
DA:448,0
DA:450,0
DA:457,0
DA:463,0
DA:466,0
DA:467,0
DA:468,0
DA:470,0
DA:472,0
DA:473,0
DA:475,0
DA:476,0
DA:477,0
DA:479,0
DA:480,0
DA:481,0
DA:483,0
DA:484,0
DA:500,0
DA:502,0
DA:510,0
DA:511,0
DA:512,0
DA:514,0
DA:515,0
DA:517,0
DA:518,0
DA:523,0
DA:524,0
DA:525,0
DA:526,0
DA:528,0
DA:530,0
DA:532,0
DA:533,0
DA:535,0
DA:536,0
DA:537,0
DA:538,0
DA:541,0
DA:542,0
DA:545,0
DA:548,0
DA:549,0
DA:550,0
DA:551,0
DA:552,0
DA:553,0
DA:554,0
DA:555,0
DA:556,0
DA:557,0
DA:559,0
DA:560,0
DA:561,0
DA:565,0
DA:569,0
DA:570,0
DA:571,0
DA:572,0
DA:576,0
DA:577,0
DA:578,0
DA:579,0
DA:580,0
DA:581,0
DA:582,0
DA:583,0
DA:584,0
DA:587,0
DA:589,0
DA:590,0
DA:591,0
DA:593,0
DA:595,0
DA:596,0
DA:598,0
DA:599,0
DA:601,0
DA:602,0
DA:603,0
DA:604,0
DA:605,0
DA:606,0
DA:607,0
DA:608,0
DA:610,0
DA:612,0
DA:615,0
DA:616,0
DA:617,0
DA:618,0
DA:619,0
DA:620,0
DA:621,0
DA:622,0
DA:623,0
DA:624,0
DA:625,0
DA:626,0
DA:628,0
DA:629,0
DA:630,0
DA:631,0
DA:633,0
DA:636,0
DA:637,0
DA:638,0
DA:639,0
DA:640,0
DA:641,0
DA:642,0
DA:644,0
DA:645,0
DA:646,0
DA:648,0
DA:649,0
DA:650,0
DA:651,0
DA:652,0
DA:653,0
DA:654,0
DA:655,0
DA:656,0
DA:658,0
DA:659,0
DA:660,0
DA:662,0
DA:663,0
DA:664,0
DA:665,0
DA:666,0
DA:667,0
DA:668,0
DA:669,0
DA:670,0
DA:671,0
DA:674,0
DA:675,0
DA:676,0
DA:678,0
DA:679,0
DA:683,0
DA:685,0
DA:686,0
DA:687,0
DA:688,0
DA:690,0
DA:691,0
DA:697,0
DA:698,0
DA:700,0
DA:702,0
DA:703,0
DA:721,0
DA:742,0
DA:743,0
DA:751,0
DA:752,0
DA:762,0
DA:763,0
DA:768,0
DA:777,0
DA:786,0
DA:795,0
DA:796,0
DA:807,0
DA:809,0
DA:810,0
DA:811,0
DA:812,0
DA:813,0
DA:814,0
DA:815,0
DA:816,0
DA:817,0
DA:819,0
DA:820,0
DA:825,0
DA:826,0
DA:827,0
DA:828,0
DA:830,0
DA:831,0
DA:832,0
DA:836,0
DA:838,0
DA:839,0
DA:840,0
DA:841,0
DA:842,0
DA:845,0
DA:846,0
DA:847,0
DA:848,0
DA:850,0
DA:854,0
DA:856,0
DA:857,0
DA:859,0
DA:860,0
DA:861,0
DA:862,0
DA:863,0
DA:864,0
DA:866,0
DA:867,0
DA:869,0
DA:870,0
DA:872,0
DA:873,0
DA:874,0
DA:881,0
DA:882,0
DA:885,0
DA:886,0
DA:887,0
DA:888,0
DA:889,0
DA:891,0
DA:892,0
DA:896,0
DA:897,0
DA:899,0
DA:900,0
DA:904,0
DA:906,0
DA:907,0
DA:908,0
DA:927,0
DA:952,0
DA:989,0
DA:1001,0
LF:502
LH:0
BRDA:66,0,0,0
BRDA:66,0,1,0
BRDA:69,1,0,0
BRDA:69,1,1,0
BRDA:83,2,0,0
BRDA:83,2,1,0
BRDA:88,3,0,0
BRDA:88,3,1,0
BRDA:91,4,0,0
BRDA:91,4,1,0
BRDA:91,5,0,0
BRDA:91,5,1,0
BRDA:94,6,0,0
BRDA:94,6,1,0
BRDA:94,7,0,0
BRDA:94,7,1,0
BRDA:103,8,0,0
BRDA:103,8,1,0
BRDA:104,9,0,0
BRDA:104,9,1,0
BRDA:107,10,0,0
BRDA:107,10,1,0
BRDA:107,11,0,0
BRDA:107,11,1,0
BRDA:107,11,2,0
BRDA:107,11,3,0
BRDA:124,12,0,0
BRDA:124,12,1,0
BRDA:126,13,0,0
BRDA:126,13,1,0
BRDA:131,14,0,0
BRDA:131,14,1,0
BRDA:131,15,0,0
BRDA:131,15,1,0
BRDA:138,16,0,0
BRDA:138,16,1,0
BRDA:138,17,0,0
BRDA:138,17,1,0
BRDA:139,18,0,0
BRDA:139,18,1,0
BRDA:139,19,0,0
BRDA:139,19,1,0
BRDA:142,20,0,0
BRDA:142,20,1,0
BRDA:142,21,0,0
BRDA:142,21,1,0
BRDA:149,22,0,0
BRDA:149,22,1,0
BRDA:155,23,0,0
BRDA:155,23,1,0
BRDA:162,24,0,0
BRDA:162,24,1,0
BRDA:169,25,0,0
BRDA:169,25,1,0
BRDA:170,26,0,0
BRDA:170,26,1,0
BRDA:190,27,0,0
BRDA:190,27,1,0
BRDA:193,28,0,0
BRDA:193,28,1,0
BRDA:195,29,0,0
BRDA:195,29,1,0
BRDA:195,30,0,0
BRDA:195,30,1,0
BRDA:202,31,0,0
BRDA:202,31,1,0
BRDA:208,32,0,0
BRDA:208,32,1,0
BRDA:210,33,0,0
BRDA:210,33,1,0
BRDA:214,34,0,0
BRDA:214,34,1,0
BRDA:216,35,0,0
BRDA:216,35,1,0
BRDA:216,36,0,0
BRDA:216,36,1,0
BRDA:223,37,0,0
BRDA:223,37,1,0
BRDA:223,38,0,0
BRDA:223,38,1,0
BRDA:227,39,0,0
BRDA:227,39,1,0
BRDA:227,40,0,0
BRDA:227,40,1,0
BRDA:231,41,0,0
BRDA:231,41,1,0
BRDA:231,42,0,0
BRDA:231,42,1,0
BRDA:234,43,0,0
BRDA:234,43,1,0
BRDA:248,44,0,0
BRDA:248,44,1,0
BRDA:248,45,0,0
BRDA:248,45,1,0
BRDA:253,46,0,0
BRDA:253,46,1,0
BRDA:262,47,0,0
BRDA:262,47,1,0
BRDA:265,48,0,0
BRDA:265,48,1,0
BRDA:271,49,0,0
BRDA:271,49,1,0
BRDA:273,50,0,0
BRDA:273,50,1,0
BRDA:273,50,2,0
BRDA:275,51,0,0
BRDA:275,51,1,0
BRDA:282,52,0,0
BRDA:282,52,1,0
BRDA:282,53,0,0
BRDA:282,53,1,0
BRDA:291,54,0,0
BRDA:291,54,1,0
BRDA:292,55,0,0
BRDA:292,55,1,0
BRDA:309,56,0,0
BRDA:309,56,1,0
BRDA:321,57,0,0
BRDA:321,57,1,0
BRDA:321,58,0,0
BRDA:321,58,1,0
BRDA:321,59,0,0
BRDA:321,59,1,0
BRDA:321,60,0,0
BRDA:321,60,1,0
BRDA:323,61,0,0
BRDA:323,61,1,0
BRDA:335,62,0,0
BRDA:335,62,1,0
BRDA:342,63,0,0
BRDA:342,63,1,0
BRDA:356,64,0,0
BRDA:356,64,1,0
BRDA:363,65,0,0
BRDA:363,65,1,0
BRDA:367,66,0,0
BRDA:367,66,1,0
BRDA:374,67,0,0
BRDA:374,67,1,0
BRDA:379,68,0,0
BRDA:379,68,1,0
BRDA:383,69,0,0
BRDA:383,69,1,0
BRDA:384,70,0,0
BRDA:384,70,1,0
BRDA:384,71,0,0
BRDA:384,71,1,0
BRDA:384,72,0,0
BRDA:384,72,1,0
BRDA:388,73,0,0
BRDA:388,73,1,0
BRDA:394,74,0,0
BRDA:394,74,1,0
BRDA:400,75,0,0
BRDA:400,75,1,0
BRDA:417,76,0,0
BRDA:417,76,1,0
BRDA:425,77,0,0
BRDA:425,77,1,0
BRDA:441,78,0,0
BRDA:441,78,1,0
BRDA:445,79,0,0
BRDA:445,79,1,0
BRDA:446,80,0,0
BRDA:446,80,1,0
BRDA:447,81,0,0
BRDA:447,81,1,0
BRDA:466,82,0,0
BRDA:466,82,1,0
BRDA:470,83,0,0
BRDA:470,83,1,0
BRDA:476,84,0,0
BRDA:476,84,1,0
BRDA:480,85,0,0
BRDA:480,85,1,0
BRDA:514,86,0,0
BRDA:514,86,1,0
BRDA:517,87,0,0
BRDA:517,87,1,0
BRDA:523,88,0,0
BRDA:523,88,1,0
BRDA:530,89,0,0
BRDA:530,89,1,0
BRDA:530,89,2,0
BRDA:532,90,0,0
BRDA:532,90,1,0
BRDA:535,91,0,0
BRDA:535,91,1,0
BRDA:537,92,0,0
BRDA:537,92,1,0
BRDA:548,93,0,0
BRDA:548,93,1,0
BRDA:551,94,0,0
BRDA:551,94,1,0
BRDA:555,95,0,0
BRDA:555,95,1,0
BRDA:560,96,0,0
BRDA:560,96,1,0
BRDA:571,97,0,0
BRDA:571,97,1,0
BRDA:576,98,0,0
BRDA:576,98,1,0
BRDA:578,99,0,0
BRDA:578,99,1,0
BRDA:590,100,0,0
BRDA:590,100,1,0
BRDA:598,101,0,0
BRDA:598,101,1,0
BRDA:603,102,0,0
BRDA:603,102,1,0
BRDA:607,103,0,0
BRDA:607,103,1,0
BRDA:629,104,0,0
BRDA:629,104,1,0
BRDA:641,105,0,0
BRDA:641,105,1,0
BRDA:652,106,0,0
BRDA:652,106,1,0
BRDA:654,107,0,0
BRDA:654,107,1,0
BRDA:658,108,0,0
BRDA:658,108,1,0
BRDA:658,109,0,0
BRDA:658,109,1,0
BRDA:659,110,0,0
BRDA:659,110,1,0
BRDA:669,111,0,0
BRDA:669,111,1,0
BRDA:675,112,0,0
BRDA:675,112,1,0
BRDA:678,113,0,0
BRDA:678,113,1,0
BRDA:687,114,0,0
BRDA:687,114,1,0
BRDA:690,115,0,0
BRDA:690,115,1,0
BRDA:697,116,0,0
BRDA:697,116,1,0
BRDA:697,117,0,0
BRDA:697,117,1,0
BRDA:698,118,0,0
BRDA:698,118,1,0
BRDA:819,119,0,0
BRDA:819,119,1,0
BRDA:820,120,0,0
BRDA:820,120,1,0
BRDA:820,121,0,0
BRDA:820,121,1,0
BRDA:827,122,0,0
BRDA:827,122,1,0
BRDA:847,123,0,0
BRDA:847,123,1,0
BRDA:859,124,0,0
BRDA:859,124,1,0
BRDA:860,125,0,0
BRDA:860,125,1,0
BRDA:863,126,0,0
BRDA:863,126,1,0
BRDA:866,127,0,0
BRDA:866,127,1,0
BRDA:866,128,0,0
BRDA:866,128,1,0
BRDA:866,128,2,0
BRDA:869,129,0,0
BRDA:869,129,1,0
BRDA:874,130,0,0
BRDA:874,130,1,0
BRDA:875,131,0,0
BRDA:875,131,1,0
BRDA:875,131,2,0
BRDA:875,131,3,0
BRDA:875,131,4,0
BRDA:885,132,0,0
BRDA:885,132,1,0
BRDA:887,133,0,0
BRDA:887,133,1,0
BRDA:887,134,0,0
BRDA:887,134,1,0
BRDA:887,135,0,0
BRDA:887,135,1,0
BRDA:888,136,0,0
BRDA:888,136,1,0
BRDA:896,137,0,0
BRDA:896,137,1,0
BRDA:899,138,0,0
BRDA:899,138,1,0
BRF:286
BRH:0
end_of_record
TN:
SF:output/test/lcov-report/sorter.js
FN:2,(anonymous_0)
FN:11,getTable
FN:15,getTableHeader
FN:19,getTableBody
FN:23,getNthColumn
FN:27,onFilterInput
FN:41,addSearchBox
FN:49,loadColumns
FN:73,loadRowData
FN:92,loadData
FN:101,sortByIndex
FN:103,(anonymous_11)
FN:115,(anonymous_12)
FN:132,removeSortIndicators
FN:140,addSortIndicators
FN:146,enableUI
FN:149,ithSorter
FN:152,(anonymous_17)
FN:179,(anonymous_18)
FNF:19
FNH:0
FNDA:0,(anonymous_0)
FNDA:0,getTable
FNDA:0,getTableHeader
FNDA:0,getTableBody
FNDA:0,getNthColumn
FNDA:0,onFilterInput
FNDA:0,addSearchBox
FNDA:0,loadColumns
FNDA:0,loadRowData
FNDA:0,loadData
FNDA:0,sortByIndex
FNDA:0,(anonymous_11)
FNDA:0,(anonymous_12)
FNDA:0,removeSortIndicators
FNDA:0,addSortIndicators
FNDA:0,enableUI
FNDA:0,ithSorter
FNDA:0,(anonymous_17)
FNDA:0,(anonymous_18)
DA:2,0
DA:5,0
DA:12,0
DA:16,0
DA:20,0
DA:24,0
DA:28,0
DA:29,0
DA:30,0
DA:31,0
DA:32,0
DA:33,0
DA:35,0
DA:42,0
DA:43,0
DA:44,0
DA:45,0
DA:50,0
DA:52,0
DA:56,0
DA:57,0
DA:58,0
DA:63,0
DA:64,0
DA:65,0
DA:66,0
DA:69,0
DA:74,0
DA:77,0
DA:80,0
DA:81,0
DA:82,0
DA:83,0
DA:84,0
DA:85,0
DA:87,0
DA:89,0
DA:93,0
DA:96,0
DA:97,0
DA:102,0
DA:103,0
DA:104,0
DA:105,0
DA:106,0
DA:108,0
DA:109,0
DA:110,0
DA:111,0
DA:114,0
DA:115,0
DA:116,0
DA:120,0
DA:121,0
DA:122,0
DA:125,0
DA:127,0
DA:128,0
DA:133,0
DA:134,0
DA:136,0
DA:137,0
DA:141,0
DA:149,0
DA:150,0
DA:152,0
DA:153,0
DA:155,0
DA:156,0
DA:158,0
DA:159,0
DA:160,0
DA:161,0
DA:162,0
DA:165,0
DA:166,0
DA:169,0
DA:170,0
DA:171,0
DA:173,0
DA:179,0
DA:180,0
DA:181,0
DA:183,0
DA:184,0
DA:185,0
DA:186,0
DA:187,0
DA:191,0
LF:89
LH:0
BRDA:32,0,0,0
BRDA:32,0,1,0
BRDA:61,1,0,0
BRDA:61,1,1,0
BRDA:64,2,0,0
BRDA:64,2,1,0
BRDA:84,3,0,0
BRDA:84,3,1,0
BRDA:106,4,0,0
BRDA:106,4,1,0
BRDA:106,5,0,0
BRDA:106,5,1,0
BRDA:114,6,0,0
BRDA:114,6,1,0
BRDA:141,7,0,0
BRDA:141,7,1,0
BRDA:155,8,0,0
BRDA:155,8,1,0
BRDA:166,9,0,0
BRDA:166,9,1,0
BRDA:170,10,0,0
BRDA:170,10,1,0
BRDA:180,11,0,0
BRDA:180,11,1,0
BRF:24
BRH:0
end_of_record
TN:
SF:src/index.js
FNF:0
FNH:0
LF:0
LH:0
BRF:0
BRH:0
end_of_record
